Ad hoc group to investigate whether there is any manipulation of commodity prices by traders in local market.
Ad hoc group to investigate whether there is any manipulation of commodity prices by traders in local market.
Cabinet-level fair trade commission forms ad hoc group to investigate whether there is any manipulation of commodity prices.
Group to investigate whether there is any manipulation of commodity prices by traders in local market.
Fair trade commission forms ad hoc group to investigate whether there is any manipulation of commodity prices.
 fair trade commission has formed ad hoc group to investigate whether there is any manipulation of commodity prices by traders.
FTC to investigate whether there is any manipulation of commodity prices by traders.
. Fair trade commission to investigate whether there is any manipulation of commodity prices by traders.
Commodity prices are being manipulated in local market. Fair trade commission has formed ad hoc group to investigate.
 ad hoc group will investigate if commodity prices are being manipulated. Fair trade commission will investigate whether there is any manipulation of commodity prices.
FTC to investigate whether there is any manipulation of commodity prices by traders in local market.
The ad hoc group will investigate whether there is any manipulation of commodity prices by traders.
Ad hoc group to investigate whether there is any manipulation of commodity prices.
Commission will investigate whether there is any manipulation of commodity prices by traders.
Ad hoc group formed to investigate if commodity prices are being manipulated.
 ad hoc group will investigate if commodity prices are being manipulated.
Five people were killed and a woman gravely wounded in a shootout at a nightclub in cali.
five people were killed , and a woman gravely wounded , following a lethal shootout at a nightclub in cali.
Five people were killed and a woman gravely wounded in a shootout at a nightclub in cali.
Five people were killed in a shootout at a nightclub in cali, Colombia. A woman was gravely wounded.
The shootout occurred at a nightclub in cali, Colombia's third largest city. Five people were killed and a woman was gravely wounded.
 shootout at a nightclub in cali, Colombia. Five people killed, one woman gravely wounded.
 shootout at nightclub in cali kills five people and wounds one. shootout occurred in colombia's third largest city, local authorities say.
five people were killed , and a woman gravely wounded , following a lethal shootout at a nightclub in cali.
A woman is gravely wounded after a shootout at a nightclub. Five people were killed and a woman was gravely injured.
Five killed and a woman wounded in a shootout at a nightclub in cali.
five people killed and a woman gravely wounded in shootout at nightclub in cali.
5 killed, woman gravely wounded in a shootout at a nightclub in cali, Colombia.
Five dead in shootout at nightclub in cali, Colombia. Woman gravely wounded in the incident.
 Five dead after shootout at a nightclub in cali, Colombia. Woman gravely wounded in the incident.
five people are killed and one is wounded in a shootout at a nightclub in cali.
 shootout at nightclub in cali kills five people and wounds one.
